# JRE version: Java(TM) SE Runtime Environment (8.0_231-b11) (build 1.8.0_231-b11)
# Java VM: Java HotSpot(TM) 64-Bit Server VM (25.231-b11 mixed mode windows-amd64 compressed oops)
Heap:
 PSYoungGen      total 153600K, used 24835K [0x00000000f5580000, 0x0000000100000000, 0x0000000100000000)
  eden space 132608K, 2% used [0x00000000f5580000,0x00000000f59453a8,0x00000000fd700000)
  from space 20992K, 99% used [0x00000000fd700000,0x00000000feb7b8e8,0x00000000feb80000)
  to   space 20992K, 0% used [0x00000000feb80000,0x00000000feb80000,0x0000000100000000)
 ParOldGen       total 175104K, used 39968K [0x00000000e0000000, 0x00000000eab00000, 0x00000000f5580000)
  object space 175104K, 22% used [0x00000000e0000000,0x00000000e2708080,0x00000000eab00000)
 Metaspace       used 72602K, capacity 75994K, committed 76032K, reserved 1114112K
  class space    used 9693K, capacity 10490K, committed 10496K, reserved 1048576K
GC Heap History (10 events):
Event: 38.375 GC heap before
{Heap before GC invocations=15 (full 2):
 PSYoungGen      total 157696K, used 143456K [0x00000000f5580000, 0x0000000100000000, 0x0000000100000000)
  eden space 142848K, 100% used [0x00000000f5580000,0x00000000fe100000,0x00000000fe100000)
  from space 14848K, 4% used [0x00000000ff180000,0x00000000ff218000,0x0000000100000000)
  to   space 15872K, 0% used [0x00000000fe100000,0x00000000fe100000,0x00000000ff080000)
 ParOldGen       total 175104K, used 24674K [0x00000000e0000000, 0x00000000eab00000, 0x00000000f5580000)
  object space 175104K, 14% used [0x00000000e0000000,0x00000000e18189a8,0x00000000eab00000)
 Metaspace       used 51069K, capacity 52796K, committed 52992K, reserved 1095680K
  class space    used 6654K, capacity 7084K, committed 7168K, reserved 1048576K
Event: 38.379 GC heap after
Heap after GC invocations=15 (full 2):
 PSYoungGen      total 158720K, used 4224K [0x00000000f5580000, 0x0000000100000000, 0x0000000100000000)
  eden space 142848K, 0% used [0x00000000f5580000,0x00000000f5580000,0x00000000fe100000)
  from space 15872K, 26% used [0x00000000fe100000,0x00000000fe5201e8,0x00000000ff080000)
  to   space 15360K, 0% used [0x00000000ff100000,0x00000000ff100000,0x0000000100000000)
 ParOldGen       total 175104K, used 24706K [0x00000000e0000000, 0x00000000eab00000, 0x00000000f5580000)
  object space 175104K, 14% used [0x00000000e0000000,0x00000000e18209a8,0x00000000eab00000)
 Metaspace       used 51069K, capacity 52796K, committed 52992K, reserved 1095680K
  class space    used 6654K, capacity 7084K, committed 7168K, reserved 1048576K
}
Event: 39.440 GC heap before
{Heap before GC invocations=16 (full 2):
 PSYoungGen      total 158720K, used 81179K [0x00000000f5580000, 0x0000000100000000, 0x0000000100000000)
  eden space 142848K, 53% used [0x00000000f5580000,0x00000000fa0a6a60,0x00000000fe100000)
  from space 15872K, 26% used [0x00000000fe100000,0x00000000fe5201e8,0x00000000ff080000)
  to   space 15360K, 0% used [0x00000000ff100000,0x00000000ff100000,0x0000000100000000)
 ParOldGen       total 175104K, used 24706K [0x00000000e0000000, 0x00000000eab00000, 0x00000000f5580000)
  object space 175104K, 14% used [0x00000000e0000000,0x00000000e18209a8,0x00000000eab00000)
 Metaspace       used 57123K, capacity 59064K, committed 59136K, reserved 1099776K
  class space    used 7396K, capacity 7892K, committed 7936K, reserved 1048576K
Event: 39.452 GC heap after
Heap after GC invocations=16 (full 2):
 PSYoungGen      total 156160K, used 12693K [0x00000000f5580000, 0x0000000100000000, 0x0000000100000000)
  eden space 140800K, 0% used [0x00000000f5580000,0x00000000f5580000,0x00000000fdf00000)
  from space 15360K, 82% used [0x00000000ff100000,0x00000000ffd65560,0x0000000100000000)
  to   space 16896K, 0% used [0x00000000fdf00000,0x00000000fdf00000,0x00000000fef80000)
 ParOldGen       total 175104K, used 24714K [0x00000000e0000000, 0x00000000eab00000, 0x00000000f5580000)
  object space 175104K, 14% used [0x00000000e0000000,0x00000000e18229a8,0x00000000eab00000)
 Metaspace       used 57123K, capacity 59064K, committed 59136K, reserved 1099776K
  class space    used 7396K, capacity 7892K, committed 7936K, reserved 1048576K
}
Event: 39.452 GC heap before
{Heap before GC invocations=17 (full 3):
 PSYoungGen      total 156160K, used 12693K [0x00000000f5580000, 0x0000000100000000, 0x0000000100000000)
  eden space 140800K, 0% used [0x00000000f5580000,0x00000000f5580000,0x00000000fdf00000)
  from space 15360K, 82% used [0x00000000ff100000,0x00000000ffd65560,0x0000000100000000)
  to   space 16896K, 0% used [0x00000000fdf00000,0x00000000fdf00000,0x00000000fef80000)
 ParOldGen       total 175104K, used 24714K [0x00000000e0000000, 0x00000000eab00000, 0x00000000f5580000)
  object space 175104K, 14% used [0x00000000e0000000,0x00000000e18229a8,0x00000000eab00000)
 Metaspace       used 57123K, capacity 59064K, committed 59136K, reserved 1099776K
  class space    used 7396K, capacity 7892K, committed 7936K, reserved 1048576K
Event: 39.796 GC heap after
Heap after GC invocations=17 (full 3):
 PSYoungGen      total 156160K, used 0K [0x00000000f5580000, 0x0000000100000000, 0x0000000100000000)
  eden space 140800K, 0% used [0x00000000f5580000,0x00000000f5580000,0x00000000fdf00000)
  from space 15360K, 0% used [0x00000000ff100000,0x00000000ff100000,0x0000000100000000)
  to   space 16896K, 0% used [0x00000000fdf00000,0x00000000fdf00000,0x00000000fef80000)
 ParOldGen       total 175104K, used 35592K [0x00000000e0000000, 0x00000000eab00000, 0x00000000f5580000)
  object space 175104K, 20% used [0x00000000e0000000,0x00000000e22c2148,0x00000000eab00000)
 Metaspace       used 56971K, capacity 58780K, committed 59136K, reserved 1099776K
  class space    used 7359K, capacity 7829K, committed 7936K, reserved 1048576K
}
Event: 44.569 GC heap before
{Heap before GC invocations=18 (full 3):
 PSYoungGen      total 156160K, used 140800K [0x00000000f5580000, 0x0000000100000000, 0x0000000100000000)
  eden space 140800K, 100% used [0x00000000f5580000,0x00000000fdf00000,0x00000000fdf00000)
  from space 15360K, 0% used [0x00000000ff100000,0x00000000ff100000,0x0000000100000000)
  to   space 16896K, 0% used [0x00000000fdf00000,0x00000000fdf00000,0x00000000fef80000)
 ParOldGen       total 175104K, used 35592K [0x00000000e0000000, 0x00000000eab00000, 0x00000000f5580000)
  object space 175104K, 20% used [0x00000000e0000000,0x00000000e22c2148,0x00000000eab00000)
 Metaspace       used 63111K, capacity 65380K, committed 65664K, reserved 1105920K
  class space    used 8250K, capacity 8803K, committed 8832K, reserved 1048576K
Event: 44.576 GC heap after
Heap after GC invocations=18 (full 3):
 PSYoungGen      total 152576K, used 11771K [0x00000000f5580000, 0x0000000100000000, 0x0000000100000000)
  eden space 140800K, 0% used [0x00000000f5580000,0x00000000f5580000,0x00000000fdf00000)
  from space 11776K, 99% used [0x00000000fdf00000,0x00000000fea7edd0,0x00000000fea80000)
  to   space 17408K, 0% used [0x00000000fef00000,0x00000000fef00000,0x0000000100000000)
 ParOldGen       total 175104K, used 35600K [0x00000000e0000000, 0x00000000eab00000, 0x00000000f5580000)
  object space 175104K, 20% used [0x00000000e0000000,0x00000000e22c4148,0x00000000eab00000)
 Metaspace       used 63111K, capacity 65380K, committed 65664K, reserved 1105920K
  class space    used 8250K, capacity 8803K, committed 8832K, reserved 1048576K
}
Event: 47.662 GC heap before
{Heap before GC invocations=19 (full 3):
 PSYoungGen      total 152576K, used 152571K [0x00000000f5580000, 0x0000000100000000, 0x0000000100000000)
  eden space 140800K, 100% used [0x00000000f5580000,0x00000000fdf00000,0x00000000fdf00000)
  from space 11776K, 99% used [0x00000000fdf00000,0x00000000fea7edd0,0x00000000fea80000)
  to   space 17408K, 0% used [0x00000000fef00000,0x00000000fef00000,0x0000000100000000)
 ParOldGen       total 175104K, used 35600K [0x00000000e0000000, 0x00000000eab00000, 0x00000000f5580000)
  object space 175104K, 20% used [0x00000000e0000000,0x00000000e22c4148,0x00000000eab00000)
 Metaspace       used 69272K, capacity 72408K, committed 72704K, reserved 1112064K
  class space    used 9216K, capacity 9971K, committed 9984K, reserved 1048576K
Event: 47.674 GC heap after
Heap after GC invocations=19 (full 3):
 PSYoungGen      total 150016K, used 17397K [0x00000000f5580000, 0x0000000100000000, 0x0000000100000000)
  eden space 132608K, 0% used [0x00000000f5580000,0x00000000f5580000,0x00000000fd700000)
  from space 17408K, 99% used [0x00000000fef00000,0x00000000ffffd608,0x0000000100000000)
  to   space 20992K, 0% used [0x00000000fd700000,0x00000000fd700000,0x00000000feb80000)
 ParOldGen       total 175104K, used 39321K [0x00000000e0000000, 0x00000000eab00000, 0x00000000f5580000)
  object space 175104K, 22% used [0x00000000e0000000,0x00000000e2666750,0x00000000eab00000)
 Metaspace       used 69272K, capacity 72408K, committed 72704K, reserved 1112064K
  class space    used 9216K, capacity 9971K, committed 9984K, reserved 1048576K
}

