# JRE version: Java(TM) SE Runtime Environment (8.0_231-b11) (build 1.8.0_231-b11)
# Java VM: Java HotSpot(TM) 64-Bit Server VM (25.231-b11 mixed mode windows-amd64 compressed oops)
Heap:
 PSYoungGen      total 122368K, used 31846K [0x00000000f5580000, 0x0000000100000000, 0x0000000100000000)
  eden space 111616K, 18% used [0x00000000f5580000,0x00000000f6a1f5b0,0x00000000fc280000)
  from space 10752K, 99% used [0x00000000fd000000,0x00000000fda7a4d8,0x00000000fda80000)
  to   space 13824K, 0% used [0x00000000fc280000,0x00000000fc280000,0x00000000fd000000)
 ParOldGen       total 175104K, used 18238K [0x00000000e0000000, 0x00000000eab00000, 0x00000000f5580000)
  object space 175104K, 10% used [0x00000000e0000000,0x00000000e11cf8c0,0x00000000eab00000)
 Metaspace       used 44816K, capacity 46570K, committed 46848K, reserved 1089536K
  class space    used 6212K, capacity 6636K, committed 6656K, reserved 1048576K
GC Heap History (10 events):
Event: 3.213 GC heap before
{Heap before GC invocations=6 (full 1):
 PSYoungGen      total 76288K, used 65536K [0x00000000f5580000, 0x00000000fea80000, 0x0000000100000000)
  eden space 65536K, 100% used [0x00000000f5580000,0x00000000f9580000,0x00000000f9580000)
  from space 10752K, 0% used [0x00000000fa000000,0x00000000fa000000,0x00000000faa80000)
  to   space 10752K, 0% used [0x00000000f9580000,0x00000000f9580000,0x00000000fa000000)
 ParOldGen       total 175104K, used 6931K [0x00000000e0000000, 0x00000000eab00000, 0x00000000f5580000)
  object space 175104K, 3% used [0x00000000e0000000,0x00000000e06c4e28,0x00000000eab00000)
 Metaspace       used 29177K, capacity 29918K, committed 30080K, reserved 1075200K
  class space    used 4008K, capacity 4201K, committed 4224K, reserved 1048576K
Event: 3.217 GC heap after
Heap after GC invocations=6 (full 1):
 PSYoungGen      total 76288K, used 8405K [0x00000000f5580000, 0x00000000fdc00000, 0x0000000100000000)
  eden space 65536K, 0% used [0x00000000f5580000,0x00000000f5580000,0x00000000f9580000)
  from space 10752K, 78% used [0x00000000f9580000,0x00000000f9db56a8,0x00000000fa000000)
  to   space 12288K, 0% used [0x00000000fd000000,0x00000000fd000000,0x00000000fdc00000)
 ParOldGen       total 175104K, used 6939K [0x00000000e0000000, 0x00000000eab00000, 0x00000000f5580000)
  object space 175104K, 3% used [0x00000000e0000000,0x00000000e06c6e28,0x00000000eab00000)
 Metaspace       used 29177K, capacity 29918K, committed 30080K, reserved 1075200K
  class space    used 4008K, capacity 4201K, committed 4224K, reserved 1048576K
}
Event: 5.588 GC heap before
{Heap before GC invocations=7 (full 1):
 PSYoungGen      total 76288K, used 73941K [0x00000000f5580000, 0x00000000fdc00000, 0x0000000100000000)
  eden space 65536K, 100% used [0x00000000f5580000,0x00000000f9580000,0x00000000f9580000)
  from space 10752K, 78% used [0x00000000f9580000,0x00000000f9db56a8,0x00000000fa000000)
  to   space 12288K, 0% used [0x00000000fd000000,0x00000000fd000000,0x00000000fdc00000)
 ParOldGen       total 175104K, used 6939K [0x00000000e0000000, 0x00000000eab00000, 0x00000000f5580000)
  object space 175104K, 3% used [0x00000000e0000000,0x00000000e06c6e28,0x00000000eab00000)
 Metaspace       used 32069K, capacity 32992K, committed 33152K, reserved 1077248K
  class space    used 4489K, capacity 4723K, committed 4736K, reserved 1048576K
Event: 5.600 GC heap after
Heap after GC invocations=7 (full 1):
 PSYoungGen      total 121344K, used 10155K [0x00000000f5580000, 0x00000000fda80000, 0x0000000100000000)
  eden space 110592K, 0% used [0x00000000f5580000,0x00000000f5580000,0x00000000fc180000)
  from space 10752K, 94% used [0x00000000fd000000,0x00000000fd9eaeb0,0x00000000fda80000)
  to   space 12800K, 0% used [0x00000000fc180000,0x00000000fc180000,0x00000000fce00000)
 ParOldGen       total 175104K, used 6947K [0x00000000e0000000, 0x00000000eab00000, 0x00000000f5580000)
  object space 175104K, 3% used [0x00000000e0000000,0x00000000e06c8e28,0x00000000eab00000)
 Metaspace       used 32069K, capacity 32992K, committed 33152K, reserved 1077248K
  class space    used 4489K, capacity 4723K, committed 4736K, reserved 1048576K
}
Event: 6.010 GC heap before
{Heap before GC invocations=8 (full 1):
 PSYoungGen      total 121344K, used 52200K [0x00000000f5580000, 0x00000000fda80000, 0x0000000100000000)
  eden space 110592K, 38% used [0x00000000f5580000,0x00000000f7e8f1b8,0x00000000fc180000)
  from space 10752K, 94% used [0x00000000fd000000,0x00000000fd9eaeb0,0x00000000fda80000)
  to   space 12800K, 0% used [0x00000000fc180000,0x00000000fc180000,0x00000000fce00000)
 ParOldGen       total 175104K, used 6947K [0x00000000e0000000, 0x00000000eab00000, 0x00000000f5580000)
  object space 175104K, 3% used [0x00000000e0000000,0x00000000e06c8e28,0x00000000eab00000)
 Metaspace       used 34162K, capacity 35282K, committed 35456K, reserved 1079296K
  class space    used 4818K, capacity 5128K, committed 5248K, reserved 1048576K
Event: 6.018 GC heap after
Heap after GC invocations=8 (full 1):
 PSYoungGen      total 123392K, used 10379K [0x00000000f5580000, 0x00000000fda80000, 0x0000000100000000)
  eden space 110592K, 0% used [0x00000000f5580000,0x00000000f5580000,0x00000000fc180000)
  from space 12800K, 81% used [0x00000000fc180000,0x00000000fcba2ff0,0x00000000fce00000)
  to   space 10752K, 0% used [0x00000000fd000000,0x00000000fd000000,0x00000000fda80000)
 ParOldGen       total 175104K, used 6955K [0x00000000e0000000, 0x00000000eab00000, 0x00000000f5580000)
  object space 175104K, 3% used [0x00000000e0000000,0x00000000e06cae28,0x00000000eab00000)
 Metaspace       used 34162K, capacity 35282K, committed 35456K, reserved 1079296K
  class space    used 4818K, capacity 5128K, committed 5248K, reserved 1048576K
}
Event: 6.018 GC heap before
{Heap before GC invocations=9 (full 2):
 PSYoungGen      total 123392K, used 10379K [0x00000000f5580000, 0x00000000fda80000, 0x0000000100000000)
  eden space 110592K, 0% used [0x00000000f5580000,0x00000000f5580000,0x00000000fc180000)
  from space 12800K, 81% used [0x00000000fc180000,0x00000000fcba2ff0,0x00000000fce00000)
  to   space 10752K, 0% used [0x00000000fd000000,0x00000000fd000000,0x00000000fda80000)
 ParOldGen       total 175104K, used 6955K [0x00000000e0000000, 0x00000000eab00000, 0x00000000f5580000)
  object space 175104K, 3% used [0x00000000e0000000,0x00000000e06cae28,0x00000000eab00000)
 Metaspace       used 34162K, capacity 35282K, committed 35456K, reserved 1079296K
  class space    used 4818K, capacity 5128K, committed 5248K, reserved 1048576K
Event: 6.070 GC heap after
Heap after GC invocations=9 (full 2):
 PSYoungGen      total 123392K, used 0K [0x00000000f5580000, 0x00000000fda80000, 0x0000000100000000)
  eden space 110592K, 0% used [0x00000000f5580000,0x00000000f5580000,0x00000000fc180000)
  from space 12800K, 0% used [0x00000000fc180000,0x00000000fc180000,0x00000000fce00000)
  to   space 10752K, 0% used [0x00000000fd000000,0x00000000fd000000,0x00000000fda80000)
 ParOldGen       total 175104K, used 16639K [0x00000000e0000000, 0x00000000eab00000, 0x00000000f5580000)
  object space 175104K, 9% used [0x00000000e0000000,0x00000000e103fc98,0x00000000eab00000)
 Metaspace       used 34162K, capacity 35282K, committed 35456K, reserved 1079296K
  class space    used 4818K, capacity 5128K, committed 5248K, reserved 1048576K
}
Event: 8.334 GC heap before
{Heap before GC invocations=10 (full 2):
 PSYoungGen      total 123392K, used 110592K [0x00000000f5580000, 0x00000000fda80000, 0x0000000100000000)
  eden space 110592K, 100% used [0x00000000f5580000,0x00000000fc180000,0x00000000fc180000)
  from space 12800K, 0% used [0x00000000fc180000,0x00000000fc180000,0x00000000fce00000)
  to   space 10752K, 0% used [0x00000000fd000000,0x00000000fd000000,0x00000000fda80000)
 ParOldGen       total 175104K, used 16639K [0x00000000e0000000, 0x00000000eab00000, 0x00000000f5580000)
  object space 175104K, 9% used [0x00000000e0000000,0x00000000e103fc98,0x00000000eab00000)
 Metaspace       used 43944K, capacity 45630K, committed 45824K, reserved 1089536K
  class space    used 6097K, capacity 6538K, committed 6656K, reserved 1048576K
Event: 8.361 GC heap after
Heap after GC invocations=10 (full 2):
 PSYoungGen      total 122368K, used 10729K [0x00000000f5580000, 0x0000000100000000, 0x0000000100000000)
  eden space 111616K, 0% used [0x00000000f5580000,0x00000000f5580000,0x00000000fc280000)
  from space 10752K, 99% used [0x00000000fd000000,0x00000000fda7a4d8,0x00000000fda80000)
  to   space 13824K, 0% used [0x00000000fc280000,0x00000000fc280000,0x00000000fd000000)
 ParOldGen       total 175104K, used 18238K [0x00000000e0000000, 0x00000000eab00000, 0x00000000f5580000)
  object space 175104K, 10% used [0x00000000e0000000,0x00000000e11cf8c0,0x00000000eab00000)
 Metaspace       used 43944K, capacity 45630K, committed 45824K, reserved 1089536K
  class space    used 6097K, capacity 6538K, committed 6656K, reserved 1048576K
}

