# JRE version: Java(TM) SE Runtime Environment (8.0_231-b11) (build 1.8.0_231-b11)
# Java VM: Java HotSpot(TM) 64-Bit Server VM (25.231-b11 mixed mode windows-amd64 compressed oops)
Heap:
 PSYoungGen      total 125952K, used 93025K [0x00000000f5580000, 0x00000000ff980000, 0x0000000100000000)
  eden space 85504K, 92% used [0x00000000f5580000,0x00000000fa2a8770,0x00000000fa900000)
  from space 40448K, 34% used [0x00000000fa900000,0x00000000fb6afd08,0x00000000fd080000)
  to   space 37888K, 0% used [0x00000000fd480000,0x00000000fd480000,0x00000000ff980000)
 ParOldGen       total 349184K, used 172649K [0x00000000e0000000, 0x00000000f5500000, 0x00000000f5580000)
  object space 349184K, 49% used [0x00000000e0000000,0x00000000ea89a6b0,0x00000000f5500000)
 Metaspace       used 113215K, capacity 119562K, committed 120012K, reserved 1153024K
  class space    used 14647K, capacity 15924K, committed 16088K, reserved 1048576K
GC Heap History (10 events):
Event: 172.111 GC heap before
{Heap before GC invocations=39 (full 4):
 PSYoungGen      total 123392K, used 99624K [0x00000000f5580000, 0x00000000ffe00000, 0x0000000100000000)
  eden space 75264K, 100% used [0x00000000f5580000,0x00000000f9f00000,0x00000000f9f00000)
  from space 48128K, 50% used [0x00000000fce00000,0x00000000fe5ca1c8,0x00000000ffd00000)
  to   space 48128K, 0% used [0x00000000f9f00000,0x00000000f9f00000,0x00000000fce00000)
 ParOldGen       total 349184K, used 171739K [0x00000000e0000000, 0x00000000f5500000, 0x00000000f5580000)
  object space 349184K, 49% used [0x00000000e0000000,0x00000000ea7b6e00,0x00000000f5500000)
 Metaspace       used 96934K, capacity 101850K, committed 103500K, reserved 1138688K
  class space    used 12619K, capacity 13623K, committed 14168K, reserved 1048576K
Event: 172.115 GC heap after
Heap after GC invocations=39 (full 4):
 PSYoungGen      total 123392K, used 1179K [0x00000000f5580000, 0x00000000fff00000, 0x0000000100000000)
  eden space 75264K, 0% used [0x00000000f5580000,0x00000000f5580000,0x00000000f9f00000)
  from space 48128K, 2% used [0x00000000f9f00000,0x00000000fa026f38,0x00000000fce00000)
  to   space 47616K, 0% used [0x00000000fd080000,0x00000000fd080000,0x00000000fff00000)
 ParOldGen       total 349184K, used 172617K [0x00000000e0000000, 0x00000000f5500000, 0x00000000f5580000)
  object space 349184K, 49% used [0x00000000e0000000,0x00000000ea8926b0,0x00000000f5500000)
 Metaspace       used 96934K, capacity 101850K, committed 103500K, reserved 1138688K
  class space    used 12619K, capacity 13623K, committed 14168K, reserved 1048576K
}
Event: 197.976 GC heap before
{Heap before GC invocations=40 (full 4):
 PSYoungGen      total 123392K, used 76443K [0x00000000f5580000, 0x00000000fff00000, 0x0000000100000000)
  eden space 75264K, 100% used [0x00000000f5580000,0x00000000f9f00000,0x00000000f9f00000)
  from space 48128K, 2% used [0x00000000f9f00000,0x00000000fa026f38,0x00000000fce00000)
  to   space 47616K, 0% used [0x00000000fd080000,0x00000000fd080000,0x00000000fff00000)
 ParOldGen       total 349184K, used 172617K [0x00000000e0000000, 0x00000000f5500000, 0x00000000f5580000)
  object space 349184K, 49% used [0x00000000e0000000,0x00000000ea8926b0,0x00000000f5500000)
 Metaspace       used 97492K, capacity 102778K, committed 103756K, reserved 1138688K
  class space    used 12682K, capacity 13735K, committed 14168K, reserved 1048576K
Event: 197.985 GC heap after
Heap after GC invocations=40 (full 4):
 PSYoungGen      total 120832K, used 12809K [0x00000000f5580000, 0x00000000ff980000, 0x0000000100000000)
  eden space 78848K, 0% used [0x00000000f5580000,0x00000000f5580000,0x00000000fa280000)
  from space 41984K, 30% used [0x00000000fd080000,0x00000000fdd02788,0x00000000ff980000)
  to   space 44544K, 0% used [0x00000000fa280000,0x00000000fa280000,0x00000000fce00000)
 ParOldGen       total 349184K, used 172625K [0x00000000e0000000, 0x00000000f5500000, 0x00000000f5580000)
  object space 349184K, 49% used [0x00000000e0000000,0x00000000ea8946b0,0x00000000f5500000)
 Metaspace       used 97492K, capacity 102778K, committed 103756K, reserved 1138688K
  class space    used 12682K, capacity 13735K, committed 14168K, reserved 1048576K
}
Event: 198.595 GC heap before
{Heap before GC invocations=41 (full 4):
 PSYoungGen      total 120832K, used 91657K [0x00000000f5580000, 0x00000000ff980000, 0x0000000100000000)
  eden space 78848K, 100% used [0x00000000f5580000,0x00000000fa280000,0x00000000fa280000)
  from space 41984K, 30% used [0x00000000fd080000,0x00000000fdd02788,0x00000000ff980000)
  to   space 44544K, 0% used [0x00000000fa280000,0x00000000fa280000,0x00000000fce00000)
 ParOldGen       total 349184K, used 172625K [0x00000000e0000000, 0x00000000f5500000, 0x00000000f5580000)
  object space 349184K, 49% used [0x00000000e0000000,0x00000000ea8946b0,0x00000000f5500000)
 Metaspace       used 97603K, capacity 102978K, committed 104012K, reserved 1138688K
  class space    used 12688K, capacity 13747K, committed 14168K, reserved 1048576K
Event: 198.606 GC heap after
Heap after GC invocations=41 (full 4):
 PSYoungGen      total 123392K, used 14921K [0x00000000f5580000, 0x00000000ffc80000, 0x0000000100000000)
  eden space 78848K, 0% used [0x00000000f5580000,0x00000000f5580000,0x00000000fa280000)
  from space 44544K, 33% used [0x00000000fa280000,0x00000000fb112798,0x00000000fce00000)
  to   space 41984K, 0% used [0x00000000fd380000,0x00000000fd380000,0x00000000ffc80000)
 ParOldGen       total 349184K, used 172633K [0x00000000e0000000, 0x00000000f5500000, 0x00000000f5580000)
  object space 349184K, 49% used [0x00000000e0000000,0x00000000ea8966b0,0x00000000f5500000)
 Metaspace       used 97603K, capacity 102978K, committed 104012K, reserved 1138688K
  class space    used 12688K, capacity 13747K, committed 14168K, reserved 1048576K
}
Event: 544.444 GC heap before
{Heap before GC invocations=42 (full 4):
 PSYoungGen      total 123392K, used 93752K [0x00000000f5580000, 0x00000000ffc80000, 0x0000000100000000)
  eden space 78848K, 99% used [0x00000000f5580000,0x00000000fa27bb88,0x00000000fa280000)
  from space 44544K, 33% used [0x00000000fa280000,0x00000000fb112798,0x00000000fce00000)
  to   space 41984K, 0% used [0x00000000fd380000,0x00000000fd380000,0x00000000ffc80000)
 ParOldGen       total 349184K, used 172633K [0x00000000e0000000, 0x00000000f5500000, 0x00000000f5580000)
  object space 349184K, 49% used [0x00000000e0000000,0x00000000ea8966b0,0x00000000f5500000)
 Metaspace       used 101609K, capacity 107368K, committed 108108K, reserved 1142784K
  class space    used 13141K, capacity 14285K, committed 14680K, reserved 1048576K
Event: 544.451 GC heap after
Heap after GC invocations=42 (full 4):
 PSYoungGen      total 122880K, used 6779K [0x00000000f5580000, 0x00000000ff800000, 0x0000000100000000)
  eden space 85504K, 0% used [0x00000000f5580000,0x00000000f5580000,0x00000000fa900000)
  from space 37376K, 18% used [0x00000000fd380000,0x00000000fda1ecf8,0x00000000ff800000)
  to   space 40448K, 0% used [0x00000000fa900000,0x00000000fa900000,0x00000000fd080000)
 ParOldGen       total 349184K, used 172641K [0x00000000e0000000, 0x00000000f5500000, 0x00000000f5580000)
  object space 349184K, 49% used [0x00000000e0000000,0x00000000ea8986b0,0x00000000f5500000)
 Metaspace       used 101609K, capacity 107368K, committed 108108K, reserved 1142784K
  class space    used 13141K, capacity 14285K, committed 14680K, reserved 1048576K
}
Event: 546.962 GC heap before
{Heap before GC invocations=43 (full 4):
 PSYoungGen      total 122880K, used 92283K [0x00000000f5580000, 0x00000000ff800000, 0x0000000100000000)
  eden space 85504K, 100% used [0x00000000f5580000,0x00000000fa900000,0x00000000fa900000)
  from space 37376K, 18% used [0x00000000fd380000,0x00000000fda1ecf8,0x00000000ff800000)
  to   space 40448K, 0% used [0x00000000fa900000,0x00000000fa900000,0x00000000fd080000)
 ParOldGen       total 349184K, used 172641K [0x00000000e0000000, 0x00000000f5500000, 0x00000000f5580000)
  object space 349184K, 49% used [0x00000000e0000000,0x00000000ea8986b0,0x00000000f5500000)
 Metaspace       used 106411K, capacity 112282K, committed 113228K, reserved 1146880K
  class space    used 13827K, capacity 15033K, committed 15448K, reserved 1048576K
Event: 546.971 GC heap after
Heap after GC invocations=43 (full 4):
 PSYoungGen      total 125952K, used 14015K [0x00000000f5580000, 0x00000000ff980000, 0x0000000100000000)
  eden space 85504K, 0% used [0x00000000f5580000,0x00000000f5580000,0x00000000fa900000)
  from space 40448K, 34% used [0x00000000fa900000,0x00000000fb6afd08,0x00000000fd080000)
  to   space 37888K, 0% used [0x00000000fd480000,0x00000000fd480000,0x00000000ff980000)
 ParOldGen       total 349184K, used 172649K [0x00000000e0000000, 0x00000000f5500000, 0x00000000f5580000)
  object space 349184K, 49% used [0x00000000e0000000,0x00000000ea89a6b0,0x00000000f5500000)
 Metaspace       used 106411K, capacity 112282K, committed 113228K, reserved 1146880K
  class space    used 13827K, capacity 15033K, committed 15448K, reserved 1048576K
}

