# JRE version: Java(TM) SE Runtime Environment (8.0_231-b11) (build 1.8.0_231-b11)
# Java VM: Java HotSpot(TM) 64-Bit Server VM (25.231-b11 mixed mode windows-amd64 compressed oops)
Heap:
 PSYoungGen      total 123904K, used 58087K [0x00000000f5580000, 0x00000000fff80000, 0x0000000100000000)
  eden space 79872K, 48% used [0x00000000f5580000,0x00000000f7b90040,0x00000000fa380000)
  from space 44032K, 43% used [0x00000000fa380000,0x00000000fb629c28,0x00000000fce80000)
  to   space 44032K, 0% used [0x00000000fd480000,0x00000000fd480000,0x00000000fff80000)
 ParOldGen       total 218624K, used 100098K [0x00000000e0000000, 0x00000000ed580000, 0x00000000f5580000)
  object space 218624K, 45% used [0x00000000e0000000,0x00000000e61c0ae8,0x00000000ed580000)
 Metaspace       used 88342K, capacity 93300K, committed 93440K, reserved 1130496K
  class space    used 11892K, capacity 12946K, committed 13056K, reserved 1048576K
GC Heap History (10 events):
Event: 263.561 GC heap before
{Heap before GC invocations=55 (full 4):
 PSYoungGen      total 115200K, used 65898K [0x00000000f5580000, 0x00000000ff980000, 0x0000000100000000)
  eden space 63488K, 100% used [0x00000000f5580000,0x00000000f9380000,0x00000000f9380000)
  from space 51712K, 4% used [0x00000000fc700000,0x00000000fc95a8b8,0x00000000ff980000)
  to   space 52224K, 0% used [0x00000000f9380000,0x00000000f9380000,0x00000000fc680000)
 ParOldGen       total 218624K, used 78220K [0x00000000e0000000, 0x00000000ed580000, 0x00000000f5580000)
  object space 218624K, 35% used [0x00000000e0000000,0x00000000e4c63380,0x00000000ed580000)
 Metaspace       used 83405K, capacity 87642K, committed 87808K, reserved 1124352K
  class space    used 11058K, capacity 11955K, committed 12032K, reserved 1048576K
Event: 263.565 GC heap after
Heap after GC invocations=55 (full 4):
 PSYoungGen      total 115712K, used 528K [0x00000000f5580000, 0x00000000ffb80000, 0x0000000100000000)
  eden space 63488K, 0% used [0x00000000f5580000,0x00000000f5580000,0x00000000f9380000)
  from space 52224K, 1% used [0x00000000f9380000,0x00000000f9404010,0x00000000fc680000)
  to   space 49664K, 0% used [0x00000000fcb00000,0x00000000fcb00000,0x00000000ffb80000)
 ParOldGen       total 218624K, used 79887K [0x00000000e0000000, 0x00000000ed580000, 0x00000000f5580000)
  object space 218624K, 36% used [0x00000000e0000000,0x00000000e4e03cc8,0x00000000ed580000)
 Metaspace       used 83405K, capacity 87642K, committed 87808K, reserved 1124352K
  class space    used 11058K, capacity 11955K, committed 12032K, reserved 1048576K
}
Event: 263.610 GC heap before
{Heap before GC invocations=56 (full 4):
 PSYoungGen      total 115712K, used 64016K [0x00000000f5580000, 0x00000000ffb80000, 0x0000000100000000)
  eden space 63488K, 100% used [0x00000000f5580000,0x00000000f9380000,0x00000000f9380000)
  from space 52224K, 1% used [0x00000000f9380000,0x00000000f9404010,0x00000000fc680000)
  to   space 49664K, 0% used [0x00000000fcb00000,0x00000000fcb00000,0x00000000ffb80000)
 ParOldGen       total 218624K, used 79899K [0x00000000e0000000, 0x00000000ed580000, 0x00000000f5580000)
  object space 218624K, 36% used [0x00000000e0000000,0x00000000e4e06cc8,0x00000000ed580000)
 Metaspace       used 83689K, capacity 87974K, committed 88192K, reserved 1126400K
  class space    used 11101K, capacity 12021K, committed 12160K, reserved 1048576K
Event: 263.613 GC heap after
Heap after GC invocations=56 (full 4):
 PSYoungGen      total 120320K, used 937K [0x00000000f5580000, 0x00000000ff980000, 0x0000000100000000)
  eden space 72704K, 0% used [0x00000000f5580000,0x00000000f5580000,0x00000000f9c80000)
  from space 47616K, 1% used [0x00000000fcb00000,0x00000000fcbea410,0x00000000ff980000)
  to   space 47616K, 0% used [0x00000000f9c80000,0x00000000f9c80000,0x00000000fcb00000)
 ParOldGen       total 218624K, used 80051K [0x00000000e0000000, 0x00000000ed580000, 0x00000000f5580000)
  object space 218624K, 36% used [0x00000000e0000000,0x00000000e4e2ccc8,0x00000000ed580000)
 Metaspace       used 83689K, capacity 87974K, committed 88192K, reserved 1126400K
  class space    used 11101K, capacity 12021K, committed 12160K, reserved 1048576K
}
Event: 263.961 GC heap before
{Heap before GC invocations=57 (full 4):
 PSYoungGen      total 120320K, used 73641K [0x00000000f5580000, 0x00000000ff980000, 0x0000000100000000)
  eden space 72704K, 100% used [0x00000000f5580000,0x00000000f9c80000,0x00000000f9c80000)
  from space 47616K, 1% used [0x00000000fcb00000,0x00000000fcbea410,0x00000000ff980000)
  to   space 47616K, 0% used [0x00000000f9c80000,0x00000000f9c80000,0x00000000fcb00000)
 ParOldGen       total 218624K, used 80051K [0x00000000e0000000, 0x00000000ed580000, 0x00000000f5580000)
  object space 218624K, 36% used [0x00000000e0000000,0x00000000e4e2ccc8,0x00000000ed580000)
 Metaspace       used 83826K, capacity 88044K, committed 88192K, reserved 1126400K
  class space    used 11119K, capacity 12022K, committed 12160K, reserved 1048576K
Event: 263.966 GC heap after
Heap after GC invocations=57 (full 4):
 PSYoungGen      total 120320K, used 4992K [0x00000000f5580000, 0x00000000ffa00000, 0x0000000100000000)
  eden space 72704K, 0% used [0x00000000f5580000,0x00000000f5580000,0x00000000f9c80000)
  from space 47616K, 10% used [0x00000000f9c80000,0x00000000fa160070,0x00000000fcb00000)
  to   space 44544K, 0% used [0x00000000fce80000,0x00000000fce80000,0x00000000ffa00000)
 ParOldGen       total 218624K, used 80539K [0x00000000e0000000, 0x00000000ed580000, 0x00000000f5580000)
  object space 218624K, 36% used [0x00000000e0000000,0x00000000e4ea6cc8,0x00000000ed580000)
 Metaspace       used 83826K, capacity 88044K, committed 88192K, reserved 1126400K
  class space    used 11119K, capacity 12022K, committed 12160K, reserved 1048576K
}
Event: 264.860 GC heap before
{Heap before GC invocations=58 (full 4):
 PSYoungGen      total 120320K, used 77696K [0x00000000f5580000, 0x00000000ffa00000, 0x0000000100000000)
  eden space 72704K, 100% used [0x00000000f5580000,0x00000000f9c80000,0x00000000f9c80000)
  from space 47616K, 10% used [0x00000000f9c80000,0x00000000fa160070,0x00000000fcb00000)
  to   space 44544K, 0% used [0x00000000fce80000,0x00000000fce80000,0x00000000ffa00000)
 ParOldGen       total 218624K, used 80539K [0x00000000e0000000, 0x00000000ed580000, 0x00000000f5580000)
  object space 218624K, 36% used [0x00000000e0000000,0x00000000e4ea6cc8,0x00000000ed580000)
 Metaspace       used 84423K, capacity 88790K, committed 88960K, reserved 1126400K
  class space    used 11210K, capacity 12141K, committed 12160K, reserved 1048576K
Event: 264.870 GC heap after
Heap after GC invocations=58 (full 4):
 PSYoungGen      total 124416K, used 17148K [0x00000000f5580000, 0x00000000ffc00000, 0x0000000100000000)
  eden space 79872K, 0% used [0x00000000f5580000,0x00000000f5580000,0x00000000fa380000)
  from space 44544K, 38% used [0x00000000fce80000,0x00000000fdf3f158,0x00000000ffa00000)
  to   space 44032K, 0% used [0x00000000fa380000,0x00000000fa380000,0x00000000fce80000)
 ParOldGen       total 218624K, used 85339K [0x00000000e0000000, 0x00000000ed580000, 0x00000000f5580000)
  object space 218624K, 39% used [0x00000000e0000000,0x00000000e5356d38,0x00000000ed580000)
 Metaspace       used 84423K, capacity 88790K, committed 88960K, reserved 1126400K
  class space    used 11210K, capacity 12141K, committed 12160K, reserved 1048576K
}
Event: 265.284 GC heap before
{Heap before GC invocations=59 (full 4):
 PSYoungGen      total 124416K, used 97020K [0x00000000f5580000, 0x00000000ffc00000, 0x0000000100000000)
  eden space 79872K, 100% used [0x00000000f5580000,0x00000000fa380000,0x00000000fa380000)
  from space 44544K, 38% used [0x00000000fce80000,0x00000000fdf3f158,0x00000000ffa00000)
  to   space 44032K, 0% used [0x00000000fa380000,0x00000000fa380000,0x00000000fce80000)
 ParOldGen       total 218624K, used 85339K [0x00000000e0000000, 0x00000000ed580000, 0x00000000f5580000)
  object space 218624K, 39% used [0x00000000e0000000,0x00000000e5356d38,0x00000000ed580000)
 Metaspace       used 86920K, capacity 91576K, committed 91776K, reserved 1128448K
  class space    used 11628K, capacity 12642K, committed 12672K, reserved 1048576K
Event: 265.297 GC heap after
Heap after GC invocations=59 (full 4):
 PSYoungGen      total 123904K, used 19111K [0x00000000f5580000, 0x00000000fff80000, 0x0000000100000000)
  eden space 79872K, 0% used [0x00000000f5580000,0x00000000f5580000,0x00000000fa380000)
  from space 44032K, 43% used [0x00000000fa380000,0x00000000fb629c28,0x00000000fce80000)
  to   space 44032K, 0% used [0x00000000fd480000,0x00000000fd480000,0x00000000fff80000)
 ParOldGen       total 218624K, used 100098K [0x00000000e0000000, 0x00000000ed580000, 0x00000000f5580000)
  object space 218624K, 45% used [0x00000000e0000000,0x00000000e61c0ae8,0x00000000ed580000)
 Metaspace       used 86920K, capacity 91576K, committed 91776K, reserved 1128448K
  class space    used 11628K, capacity 12642K, committed 12672K, reserved 1048576K
}

